<?xml version="1.0" encoding="UTF-8"?>
<!-- Generated by org.testng.reporters.JUnitReportReporter -->
<testsuite hostname="DESKTOP-0EQID8V" failures="0" tests="1" name="TestLayer.TestPlayList" time="0.007" errors="0" timestamp="2023-06-14T19:09:37 IST" skipped="0">
  <testcase classname="TestLayer.TestPlayList" name="test" time="0.007"/>
  <system-out/>
</testsuite> <!-- TestLayer.TestPlayList -->
